  Ai.cpp
  checksum_md5.cpp
  configuration.cpp
  create_move.cpp
  c_entities.cpp
  directx_hooks.cpp
  dllmain.cpp
  drawing.cpp
  entry.cpp
c:\users\xxxxxxxxxxx\desktop\weebware\weebware\entry.cpp(180): warning C4102: 'label_exit': unreferenced label
  esp.cpp
  font.cpp
  frame_stage.cpp
  graphics.cpp
  Heartbeat.cpp
  imgui_dx9.cpp
  imgui.cpp
  imgui_draw.cpp
  imgui_custom.cpp
  weebware_config.cpp
  Legit.cpp
  Generating Code...
  Compiling...
  maths.cpp
  move_helper.cpp
  navmesh.cpp
c:\users\xxxxxxxxxxx\desktop\weebware\weebware\navmesh.cpp(868): warning C4018: '>=': signed/unsigned mismatch
  netvars.cpp
  paint_traverse.cpp
  hook_funcs.cpp
c:\users\xxxxxxxxxxx\desktop\weebware\weebware\polyhook\polyhook\polyhook.hpp(199): warning C4133: '-': incompatible types - from 'void *' to 'uint8_t *'
c:\users\xxxxxxxxxxx\desktop\weebware\weebware\polyhook\polyhook\polyhook.hpp(866): warning C4018: '<': signed/unsigned mismatch
  Trampoline.cpp
  vmt.cpp
  Generating Code...
  hde32.c
  capstone.lib(cs.obj) : MSIL .netmodule or module compiled with /GL found; restarting link with /LTCG; add /LTCG to the link command line to improve linker performance
LINK : warning LNK4075: ignoring '/INCREMENTAL' due to '/LTCG' specification
LINK : warning LNK4098: defaultlib 'LIBCMT' conflicts with use of other libs; use /NODEFAULTLIB:library
  Generating code
  Finished generating code
capstone.lib(cs.obj) : warning LNK4099: PDB 'capstone_static.pdb' was not found with 'capstone.lib(cs.obj)' or at 'C:\Users\xxxxxxxxxxx\Desktop\weebware\Debug\capstone_static.pdb'; linking object as if no debug info
capstone.lib(MCInst.obj) : warning LNK4099: PDB 'capstone_static.pdb' was not found with 'capstone.lib(MCInst.obj)' or at 'C:\Users\xxxxxxxxxxx\Desktop\weebware\Debug\capstone_static.pdb'; linking object as if no debug info
capstone.lib(MipsModule.obj) : warning LNK4099: PDB 'capstone_static.pdb' was not found with 'capstone.lib(MipsModule.obj)' or at 'C:\Users\xxxxxxxxxxx\Desktop\weebware\Debug\capstone_static.pdb'; linking object as if no debug info
capstone.lib(X86Module.obj) : warning LNK4099: PDB 'capstone_static.pdb' was not found with 'capstone.lib(X86Module.obj)' or at 'C:\Users\xxxxxxxxxxx\Desktop\weebware\Debug\capstone_static.pdb'; linking object as if no debug info
capstone.lib(PPCModule.obj) : warning LNK4099: PDB 'capstone_static.pdb' was not found with 'capstone.lib(PPCModule.obj)' or at 'C:\Users\xxxxxxxxxxx\Desktop\weebware\Debug\capstone_static.pdb'; linking object as if no debug info
capstone.lib(AArch64Module.obj) : warning LNK4099: PDB 'capstone_static.pdb' was not found with 'capstone.lib(AArch64Module.obj)' or at 'C:\Users\xxxxxxxxxxx\Desktop\weebware\Debug\capstone_static.pdb'; linking object as if no debug info
capstone.lib(XCoreModule.obj) : warning LNK4099: PDB 'capstone_static.pdb' was not found with 'capstone.lib(XCoreModule.obj)' or at 'C:\Users\xxxxxxxxxxx\Desktop\weebware\Debug\capstone_static.pdb'; linking object as if no debug info
capstone.lib(SparcModule.obj) : warning LNK4099: PDB 'capstone_static.pdb' was not found with 'capstone.lib(SparcModule.obj)' or at 'C:\Users\xxxxxxxxxxx\Desktop\weebware\Debug\capstone_static.pdb'; linking object as if no debug info
capstone.lib(SystemZModule.obj) : warning LNK4099: PDB 'capstone_static.pdb' was not found with 'capstone.lib(SystemZModule.obj)' or at 'C:\Users\xxxxxxxxxxx\Desktop\weebware\Debug\capstone_static.pdb'; linking object as if no debug info
capstone.lib(SStream.obj) : warning LNK4099: PDB 'capstone_static.pdb' was not found with 'capstone.lib(SStream.obj)' or at 'C:\Users\xxxxxxxxxxx\Desktop\weebware\Debug\capstone_static.pdb'; linking object as if no debug info
capstone.lib(ARMModule.obj) : warning LNK4099: PDB 'capstone_static.pdb' was not found with 'capstone.lib(ARMModule.obj)' or at 'C:\Users\xxxxxxxxxxx\Desktop\weebware\Debug\capstone_static.pdb'; linking object as if no debug info
capstone.lib(MipsDisassembler.obj) : warning LNK4099: PDB 'capstone_static.pdb' was not found with 'capstone.lib(MipsDisassembler.obj)' or at 'C:\Users\xxxxxxxxxxx\Desktop\weebware\Debug\capstone_static.pdb'; linking object as if no debug info
capstone.lib(MipsMapping.obj) : warning LNK4099: PDB 'capstone_static.pdb' was not found with 'capstone.lib(MipsMapping.obj)' or at 'C:\Users\xxxxxxxxxxx\Desktop\weebware\Debug\capstone_static.pdb'; linking object as if no debug info
capstone.lib(MipsInstPrinter.obj) : warning LNK4099: PDB 'capstone_static.pdb' was not found with 'capstone.lib(MipsInstPrinter.obj)' or at 'C:\Users\xxxxxxxxxxx\Desktop\weebware\Debug\capstone_static.pdb'; linking object as if no debug info
capstone.lib(X86Disassembler.obj) : warning LNK4099: PDB 'capstone_static.pdb' was not found with 'capstone.lib(X86Disassembler.obj)' or at 'C:\Users\xxxxxxxxxxx\Desktop\weebware\Debug\capstone_static.pdb'; linking object as if no debug info
capstone.lib(X86Mapping.obj) : warning LNK4099: PDB 'capstone_static.pdb' was not found with 'capstone.lib(X86Mapping.obj)' or at 'C:\Users\xxxxxxxxxxx\Desktop\weebware\Debug\capstone_static.pdb'; linking object as if no debug info
capstone.lib(X86IntelInstPrinter.obj) : warning LNK4099: PDB 'capstone_static.pdb' was not found with 'capstone.lib(X86IntelInstPrinter.obj)' or at 'C:\Users\xxxxxxxxxxx\Desktop\weebware\Debug\capstone_static.pdb'; linking object as if no debug info
capstone.lib(X86ATTInstPrinter.obj) : warning LNK4099: PDB 'capstone_static.pdb' was not found with 'capstone.lib(X86ATTInstPrinter.obj)' or at 'C:\Users\xxxxxxxxxxx\Desktop\weebware\Debug\capstone_static.pdb'; linking object as if no debug info
capstone.lib(PPCMapping.obj) : warning LNK4099: PDB 'capstone_static.pdb' was not found with 'capstone.lib(PPCMapping.obj)' or at 'C:\Users\xxxxxxxxxxx\Desktop\weebware\Debug\capstone_static.pdb'; linking object as if no debug info
capstone.lib(PPCDisassembler.obj) : warning LNK4099: PDB 'capstone_static.pdb' was not found with 'capstone.lib(PPCDisassembler.obj)' or at 'C:\Users\xxxxxxxxxxx\Desktop\weebware\Debug\capstone_static.pdb'; linking object as if no debug info
capstone.lib(PPCInstPrinter.obj) : warning LNK4099: PDB 'capstone_static.pdb' was not found with 'capstone.lib(PPCInstPrinter.obj)' or at 'C:\Users\xxxxxxxxxxx\Desktop\weebware\Debug\capstone_static.pdb'; linking object as if no debug info
capstone.lib(AArch64InstPrinter.obj) : warning LNK4099: PDB 'capstone_static.pdb' was not found with 'capstone.lib(AArch64InstPrinter.obj)' or at 'C:\Users\xxxxxxxxxxx\Desktop\weebware\Debug\capstone_static.pdb'; linking object as if no debug info
capstone.lib(AArch64Mapping.obj) : warning LNK4099: PDB 'capstone_static.pdb' was not found with 'capstone.lib(AArch64Mapping.obj)' or at 'C:\Users\xxxxxxxxxxx\Desktop\weebware\Debug\capstone_static.pdb'; linking object as if no debug info
capstone.lib(AArch64Disassembler.obj) : warning LNK4099: PDB 'capstone_static.pdb' was not found with 'capstone.lib(AArch64Disassembler.obj)' or at 'C:\Users\xxxxxxxxxxx\Desktop\weebware\Debug\capstone_static.pdb'; linking object as if no debug info
capstone.lib(XCoreMapping.obj) : warning LNK4099: PDB 'capstone_static.pdb' was not found with 'capstone.lib(XCoreMapping.obj)' or at 'C:\Users\xxxxxxxxxxx\Desktop\weebware\Debug\capstone_static.pdb'; linking object as if no debug info
capstone.lib(XCoreInstPrinter.obj) : warning LNK4099: PDB 'capstone_static.pdb' was not found with 'capstone.lib(XCoreInstPrinter.obj)' or at 'C:\Users\xxxxxxxxxxx\Desktop\weebware\Debug\capstone_static.pdb'; linking object as if no debug info
capstone.lib(XCoreDisassembler.obj) : warning LNK4099: PDB 'capstone_static.pdb' was not found with 'capstone.lib(XCoreDisassembler.obj)' or at 'C:\Users\xxxxxxxxxxx\Desktop\weebware\Debug\capstone_static.pdb'; linking object as if no debug info
capstone.lib(SparcInstPrinter.obj) : warning LNK4099: PDB 'capstone_static.pdb' was not found with 'capstone.lib(SparcInstPrinter.obj)' or at 'C:\Users\xxxxxxxxxxx\Desktop\weebware\Debug\capstone_static.pdb'; linking object as if no debug info
capstone.lib(SparcMapping.obj) : warning LNK4099: PDB 'capstone_static.pdb' was not found with 'capstone.lib(SparcMapping.obj)' or at 'C:\Users\xxxxxxxxxxx\Desktop\weebware\Debug\capstone_static.pdb'; linking object as if no debug info
capstone.lib(SparcDisassembler.obj) : warning LNK4099: PDB 'capstone_static.pdb' was not found with 'capstone.lib(SparcDisassembler.obj)' or at 'C:\Users\xxxxxxxxxxx\Desktop\weebware\Debug\capstone_static.pdb'; linking object as if no debug info
capstone.lib(SystemZMapping.obj) : warning LNK4099: PDB 'capstone_static.pdb' was not found with 'capstone.lib(SystemZMapping.obj)' or at 'C:\Users\xxxxxxxxxxx\Desktop\weebware\Debug\capstone_static.pdb'; linking object as if no debug info
capstone.lib(SystemZInstPrinter.obj) : warning LNK4099: PDB 'capstone_static.pdb' was not found with 'capstone.lib(SystemZInstPrinter.obj)' or at 'C:\Users\xxxxxxxxxxx\Desktop\weebware\Debug\capstone_static.pdb'; linking object as if no debug info
capstone.lib(SystemZDisassembler.obj) : warning LNK4099: PDB 'capstone_static.pdb' was not found with 'capstone.lib(SystemZDisassembler.obj)' or at 'C:\Users\xxxxxxxxxxx\Desktop\weebware\Debug\capstone_static.pdb'; linking object as if no debug info
capstone.lib(ARMInstPrinter.obj) : warning LNK4099: PDB 'capstone_static.pdb' was not found with 'capstone.lib(ARMInstPrinter.obj)' or at 'C:\Users\xxxxxxxxxxx\Desktop\weebware\Debug\capstone_static.pdb'; linking object as if no debug info
capstone.lib(ARMMapping.obj) : warning LNK4099: PDB 'capstone_static.pdb' was not found with 'capstone.lib(ARMMapping.obj)' or at 'C:\Users\xxxxxxxxxxx\Desktop\weebware\Debug\capstone_static.pdb'; linking object as if no debug info
capstone.lib(ARMDisassembler.obj) : warning LNK4099: PDB 'capstone_static.pdb' was not found with 'capstone.lib(ARMDisassembler.obj)' or at 'C:\Users\xxxxxxxxxxx\Desktop\weebware\Debug\capstone_static.pdb'; linking object as if no debug info
capstone.lib(MCRegisterInfo.obj) : warning LNK4099: PDB 'capstone_static.pdb' was not found with 'capstone.lib(MCRegisterInfo.obj)' or at 'C:\Users\xxxxxxxxxxx\Desktop\weebware\Debug\capstone_static.pdb'; linking object as if no debug info
capstone.lib(utils.obj) : warning LNK4099: PDB 'capstone_static.pdb' was not found with 'capstone.lib(utils.obj)' or at 'C:\Users\xxxxxxxxxxx\Desktop\weebware\Debug\capstone_static.pdb'; linking object as if no debug info
capstone.lib(X86DisassemblerDecoder.obj) : warning LNK4099: PDB 'capstone_static.pdb' was not found with 'capstone.lib(X86DisassemblerDecoder.obj)' or at 'C:\Users\xxxxxxxxxxx\Desktop\weebware\Debug\capstone_static.pdb'; linking object as if no debug info
capstone.lib(AArch64BaseInfo.obj) : warning LNK4099: PDB 'capstone_static.pdb' was not found with 'capstone.lib(AArch64BaseInfo.obj)' or at 'C:\Users\xxxxxxxxxxx\Desktop\weebware\Debug\capstone_static.pdb'; linking object as if no debug info
capstone.lib(SystemZMCTargetDesc.obj) : warning LNK4099: PDB 'capstone_static.pdb' was not found with 'capstone.lib(SystemZMCTargetDesc.obj)' or at 'C:\Users\xxxxxxxxxxx\Desktop\weebware\Debug\capstone_static.pdb'; linking object as if no debug info
capstone.lib(MCInstrDesc.obj) : warning LNK4099: PDB 'capstone_static.pdb' was not found with 'capstone.lib(MCInstrDesc.obj)' or at 'C:\Users\xxxxxxxxxxx\Desktop\weebware\Debug\capstone_static.pdb'; linking object as if no debug info
  weebware.vcxproj -> C:\Users\xxxxxxxxxxx\Desktop\weebware\Debug\weebware.dll
